<?xml version="1.0" encoding="UTF-8"?>
<testsuite name="com.methanduck.calculator.calculatorTest" tests="2" skipped="0" failures="0" errors="0" timestamp="2019-04-11T05:46:12" hostname="student-HP-ProDesk-400-G2-MT-TPM-DP" time="0.001">
  <properties/>
  <testcase name="testSub" classname="com.methanduck.calculator.calculatorTest" time="0.001"/>
  <testcase name="testSum" classname="com.methanduck.calculator.calculatorTest" time="0.0"/>
  <system-out><![CDATA[]]></system-out>
  <system-err><![CDATA[]]></system-err>
</testsuite>
