<?xml version="1.0" encoding="UTF-8"?>
<testsuite name="com.methanduck.calculator.calculatorTest" tests="4" skipped="0" failures="0" errors="0" timestamp="2019-04-16T05:09:16" hostname="student-HP-ProDesk-400-G2-MT-TPM-DP" time="0.002">
  <properties/>
  <testcase name="testDiv" classname="com.methanduck.calculator.calculatorTest" time="0.001"/>
  <testcase name="testMul" classname="com.methanduck.calculator.calculatorTest" time="0.0"/>
  <testcase name="testSub" classname="com.methanduck.calculator.calculatorTest" time="0.0"/>
  <testcase name="testSum" classname="com.methanduck.calculator.calculatorTest" time="0.0"/>
  <system-out><![CDATA[]]></system-out>
  <system-err><![CDATA[]]></system-err>
</testsuite>
